This file contains any messages produced by compilers while
running configure, to aid debugging if configure makes a mistake.

It was created by jpostal configure 0.3, which was
generated by GNU Autoconf 2.69.  Invocation command line was

  $ ./configure --libdir=/Users/Dmitri/Documents/jpostal/src/main/jniLibs

## --------- ##
## Platform. ##
## --------- ##

hostname = Dmitris-MacBook-Pro.local
uname -m = x86_64
uname -r = 15.4.0
uname -s = Darwin
uname -v = Darwin Kernel Version 15.4.0: Fri Feb 26 22:08:05 PST 2016; root:xnu-3248.40.184~3/RELEASE_X86_64

/usr/bin/uname -p = i386
/bin/uname -X     = unknown

/bin/arch              = unknown
/usr/bin/arch -k       = unknown
/usr/convex/getsysinfo = unknown
/usr/bin/hostinfo      = Mach kernel version:
	 Darwin Kernel Version 15.4.0: Fri Feb 26 22:08:05 PST 2016; root:xnu-3248.40.184~3/RELEASE_X86_64
Kernel configured for up to 8 processors.
4 processors are physically available.
8 processors are logically available.
Processor type: x86_64h (Intel x86-64h Haswell)
Processors active: 0 1 2 3 4 5 6 7
Primary memory available: 16.00 gigabytes
Default processor set: 326 tasks, 1925 threads, 8 processors
Load average: 3.16, Mach factor: 4.85
/bin/machine           = unknown
/usr/bin/oslevel       = unknown
/bin/universe          = unknown

PATH: /usr/local/bin
PATH: /usr/bin
PATH: /bin
PATH: /usr/sbin
PATH: /sbin
PATH: /usr/local/go/bin
PATH: /opt/spark/bin
PATH: /opt/spark/bin
PATH: /opt/zeppelin-0.6.2-bin-all/bin


## ----------- ##
## Core tests. ##
## ----------- ##

configure:2385: checking for a BSD-compatible install
configure:2453: result: /usr/bin/install -c
configure:2464: checking whether build environment is sane
configure:2519: result: yes
configure:2670: checking for a thread-safe mkdir -p
configure:2709: result: ./install-sh -c -d
configure:2716: checking for gawk
configure:2746: result: no
configure:2716: checking for mawk
configure:2746: result: no
configure:2716: checking for nawk
configure:2746: result: no
configure:2716: checking for awk
configure:2732: found /usr/bin/awk
configure:2743: result: awk
configure:2754: checking whether make sets $(MAKE)
configure:2776: result: yes
configure:2805: checking whether make supports nested variables
configure:2822: result: yes
configure:2978: checking build system type
configure:2992: result: x86_64-apple-darwin15.4.0
configure:3012: checking host system type
configure:3025: result: x86_64-apple-darwin15.4.0
configure:3066: checking how to print strings
configure:3093: result: printf
configure:3126: checking for style of include used by make
configure:3154: result: GNU
configure:3225: checking for gcc
configure:3241: found /usr/bin/gcc
configure:3252: result: gcc
configure:3481: checking for C compiler version
configure:3490: gcc --version >&5
Apple LLVM version 7.3.0 (clang-703.0.29)
Target: x86_64-apple-darwin15.4.0
Thread model: posix
InstalledDir: /Library/Developer/CommandLineTools/usr/bin
Configured with: --prefix=/Library/Developer/CommandLineTools/usr --with-gxx-include-dir=/usr/include/c++/4.2.1
configure:3501: $? = 0
configure:3490: gcc -v >&5
Configured with: --prefix=/Library/Developer/CommandLineTools/usr --with-gxx-include-dir=/usr/include/c++/4.2.1
Apple LLVM version 7.3.0 (clang-703.0.29)
Target: x86_64-apple-darwin15.4.0
Thread model: posix
InstalledDir: /Library/Developer/CommandLineTools/usr/bin
configure:3501: $? = 0
configure:3490: gcc -V >&5
clang: error: argument to '-V' is missing (expected 1 value)
clang: error: no input files
configure:3501: $? = 1
configure:3490: gcc -qversion >&5
clang: error: unknown argument: '-qversion'
clang: error: no input files
configure:3501: $? = 1
configure:3521: checking whether the C compiler works
configure:3543: gcc    conftest.c  >&5
configure:3547: $? = 0
configure:3595: result: yes
configure:3598: checking for C compiler default output file name
configure:3600: result: a.out
configure:3606: checking for suffix of executables
configure:3613: gcc -o conftest    conftest.c  >&5
configure:3617: $? = 0
configure:3639: result: 
configure:3661: checking whether we are cross compiling
configure:3669: gcc -o conftest    conftest.c  >&5
configure:3673: $? = 0
configure:3680: ./conftest
configure:3684: $? = 0
configure:3699: result: no
configure:3704: checking for suffix of object files
configure:3726: gcc -c   conftest.c >&5
configure:3730: $? = 0
configure:3751: result: o
configure:3755: checking whether we are using the GNU C compiler
configure:3774: gcc -c   conftest.c >&5
configure:3774: $? = 0
configure:3783: result: yes
configure:3792: checking whether gcc accepts -g
configure:3812: gcc -c -g  conftest.c >&5
configure:3812: $? = 0
configure:3853: result: yes
configure:3870: checking for gcc option to accept ISO C89
configure:3933: gcc  -c -g -O2  conftest.c >&5
configure:3933: $? = 0
configure:3946: result: none needed
configure:3971: checking whether gcc understands -c and -o together
configure:3993: gcc -c conftest.c -o conftest2.o
configure:3996: $? = 0
configure:3993: gcc -c conftest.c -o conftest2.o
configure:3996: $? = 0
configure:4008: result: yes
configure:4027: checking dependency style of gcc
configure:4138: result: gcc3
configure:4153: checking for a sed that does not truncate output
configure:4217: result: /usr/bin/sed
configure:4235: checking for grep that handles long lines and -e
configure:4293: result: /usr/bin/grep
configure:4298: checking for egrep
configure:4360: result: /usr/bin/grep -E
configure:4365: checking for fgrep
configure:4427: result: /usr/bin/grep -F
configure:4462: checking for ld used by gcc
configure:4529: result: /Library/Developer/CommandLineTools/usr/bin/ld
configure:4536: checking if the linker (/Library/Developer/CommandLineTools/usr/bin/ld) is GNU ld
configure:4551: result: no
configure:4563: checking for BSD- or MS-compatible name lister (nm)
configure:4617: result: /usr/bin/nm -B
configure:4747: checking the name lister (/usr/bin/nm -B) interface
configure:4754: gcc -c -g -O2  conftest.c >&5
configure:4757: /usr/bin/nm -B "conftest.o"
configure:4760: output
00000000000001f0 S _some_variable
configure:4767: result: BSD nm
configure:4770: checking whether ln -s works
configure:4774: result: yes
configure:4782: checking the maximum length of command line arguments
configure:4913: result: 196608
configure:4961: checking how to convert x86_64-apple-darwin15.4.0 file names to x86_64-apple-darwin15.4.0 format
configure:5001: result: func_convert_file_noop
configure:5008: checking how to convert x86_64-apple-darwin15.4.0 file names to toolchain format
configure:5028: result: func_convert_file_noop
configure:5035: checking for /Library/Developer/CommandLineTools/usr/bin/ld option to reload object files
configure:5042: result: -r
configure:5116: checking for objdump
configure:5146: result: no
configure:5175: checking how to recognize dependent libraries
configure:5375: result: pass_all
configure:5460: checking for dlltool
configure:5490: result: no
configure:5520: checking how to associate runtime and link libraries
configure:5547: result: printf %s\n
configure:5608: checking for ar
configure:5624: found /usr/bin/ar
configure:5635: result: ar
configure:5672: checking for archiver @FILE support
configure:5689: gcc -c -g -O2  conftest.c >&5
configure:5689: $? = 0
configure:5692: ar cru libconftest.a @conftest.lst >&5
ar: @conftest.lst: No such file or directory
configure:5695: $? = 1
configure:5715: result: no
configure:5773: checking for strip
configure:5789: found /usr/bin/strip
configure:5800: result: strip
configure:5872: checking for ranlib
configure:5888: found /usr/bin/ranlib
configure:5899: result: ranlib
configure:6001: checking command to parse /usr/bin/nm -B output from gcc object
configure:6154: gcc -c -g -O2  conftest.c >&5
configure:6157: $? = 0
configure:6161: /usr/bin/nm -B conftest.o \| sed -n -e 's/^.*[ ]\([BCDEGRST][BCDEGRST]*\)[ ][ ]*\([_A-Za-z][_A-Za-z0-9]*\)$/\1 \2 \2/p' | sed '/ __gnu_lto/d' \> conftest.nm
configure:6164: $? = 0
cannot find nm_test_var in conftest.nm
configure:6154: gcc -c -g -O2  conftest.c >&5
configure:6157: $? = 0
configure:6161: /usr/bin/nm -B conftest.o \| sed -n -e 's/^.*[ ]\([BCDEGRST][BCDEGRST]*\)[ ][ ]*_\([_A-Za-z][_A-Za-z0-9]*\)$/\1 _\2 \2/p' | sed '/ __gnu_lto/d' \> conftest.nm
configure:6164: $? = 0
configure:6230: gcc -o conftest -g -O2   conftest.c conftstm.o >&5
warning: (x86_64)  could not find object file symbol for symbol _main
configure:6233: $? = 0
configure:6271: result: ok
configure:6318: checking for sysroot
configure:6348: result: no
configure:6355: checking for a working dd
configure:6393: result: /bin/dd
configure:6397: checking how to truncate binary pipes
configure:6412: result: /bin/dd bs=4096 count=1
configure:6741: checking for mt
configure:6771: result: no
configure:6791: checking if : is a manifest tool
configure:6797: : '-?'
configure:6805: result: no
configure:6861: checking for dsymutil
configure:6877: found /usr/bin/dsymutil
configure:6888: result: dsymutil
configure:6953: checking for nmedit
configure:6969: found /usr/bin/nmedit
configure:6980: result: nmedit
configure:7045: checking for lipo
configure:7061: found /usr/bin/lipo
configure:7072: result: lipo
configure:7137: checking for otool
configure:7153: found /usr/bin/otool
configure:7164: result: otool
configure:7229: checking for otool64
configure:7259: result: no
configure:7304: checking for -single_module linker flag
gcc -g -O2  -o libconftest.dylib -dynamiclib -Wl,-single_module conftest.c
configure:7337: result: yes
configure:7340: checking for -exported_symbols_list linker flag
configure:7360: gcc -o conftest -g -O2   -Wl,-exported_symbols_list,conftest.sym conftest.c  >&5
configure:7360: $? = 0
configure:7370: result: yes
configure:7373: checking for -force_load linker flag
gcc -g -O2 -c -o conftest.o conftest.c
ar cru libconftest.a conftest.o
ranlib libconftest.a
gcc -g -O2  -o conftest conftest.c -Wl,-force_load,./libconftest.a
configure:7405: result: yes
configure:7482: checking how to run the C preprocessor
configure:7513: gcc -E  conftest.c
configure:7513: $? = 0
configure:7527: gcc -E  conftest.c
conftest.c:11:10: fatal error: 'ac_nonexistent.h' file not found
#include <ac_nonexistent.h>
         ^
1 error generated.
configure:7527: $? = 1
configure: failed program was:
| /* confdefs.h */
| #define PACKAGE_NAME "jpostal"
| #define PACKAGE_TARNAME "jpostal"
| #define PACKAGE_VERSION "0.3"
| #define PACKAGE_STRING "jpostal 0.3"
| #define PACKAGE_BUGREPORT ""
| #define PACKAGE_URL ""
| #define PACKAGE "jpostal"
| #define VERSION "0.3"
| /* end confdefs.h.  */
| #include <ac_nonexistent.h>
configure:7552: result: gcc -E
configure:7572: gcc -E  conftest.c
configure:7572: $? = 0
configure:7586: gcc -E  conftest.c
conftest.c:11:10: fatal error: 'ac_nonexistent.h' file not found
#include <ac_nonexistent.h>
         ^
1 error generated.
configure:7586: $? = 1
configure: failed program was:
| /* confdefs.h */
| #define PACKAGE_NAME "jpostal"
| #define PACKAGE_TARNAME "jpostal"
| #define PACKAGE_VERSION "0.3"
| #define PACKAGE_STRING "jpostal 0.3"
| #define PACKAGE_BUGREPORT ""
| #define PACKAGE_URL ""
| #define PACKAGE "jpostal"
| #define VERSION "0.3"
| /* end confdefs.h.  */
| #include <ac_nonexistent.h>
configure:7615: checking for ANSI C header files
configure:7635: gcc -c -g -O2  conftest.c >&5
configure:7635: $? = 0
configure:7708: gcc -o conftest -g -O2   conftest.c  >&5
configure:7708: $? = 0
configure:7708: ./conftest
configure:7708: $? = 0
configure:7719: result: yes
configure:7732: checking for sys/types.h
configure:7732: gcc -c -g -O2  conftest.c >&5
configure:7732: $? = 0
configure:7732: result: yes
configure:7732: checking for sys/stat.h
configure:7732: gcc -c -g -O2  conftest.c >&5
configure:7732: $? = 0
configure:7732: result: yes
configure:7732: checking for stdlib.h
configure:7732: gcc -c -g -O2  conftest.c >&5
configure:7732: $? = 0
configure:7732: result: yes
configure:7732: checking for string.h
configure:7732: gcc -c -g -O2  conftest.c >&5
configure:7732: $? = 0
configure:7732: result: yes
configure:7732: checking for memory.h
configure:7732: gcc -c -g -O2  conftest.c >&5
configure:7732: $? = 0
configure:7732: result: yes
configure:7732: checking for strings.h
configure:7732: gcc -c -g -O2  conftest.c >&5
configure:7732: $? = 0
configure:7732: result: yes
configure:7732: checking for inttypes.h
configure:7732: gcc -c -g -O2  conftest.c >&5
configure:7732: $? = 0
configure:7732: result: yes
configure:7732: checking for stdint.h
configure:7732: gcc -c -g -O2  conftest.c >&5
configure:7732: $? = 0
configure:7732: result: yes
configure:7732: checking for unistd.h
configure:7732: gcc -c -g -O2  conftest.c >&5
configure:7732: $? = 0
configure:7732: result: yes
configure:7746: checking for dlfcn.h
configure:7746: gcc -c -g -O2  conftest.c >&5
configure:7746: $? = 0
configure:7746: result: yes
configure:8001: checking for objdir
configure:8016: result: .libs
configure:8280: checking if gcc supports -fno-rtti -fno-exceptions
configure:8298: gcc -c -g -O2  -fno-rtti -fno-exceptions conftest.c >&5
configure:8302: $? = 0
configure:8315: result: yes
configure:8673: checking for gcc option to produce PIC
configure:8680: result: -fno-common -DPIC
configure:8688: checking if gcc PIC flag -fno-common -DPIC works
configure:8706: gcc -c -g -O2  -fno-common -DPIC -DPIC conftest.c >&5
configure:8710: $? = 0
configure:8723: result: yes
configure:8752: checking if gcc static flag -static works
configure:8780: result: no
configure:8795: checking if gcc supports -c -o file.o
configure:8816: gcc -c -g -O2  -o out/conftest2.o conftest.c >&5
configure:8820: $? = 0
configure:8842: result: yes
configure:8850: checking if gcc supports -c -o file.o
configure:8897: result: yes
configure:8930: checking whether the gcc linker (/Library/Developer/CommandLineTools/usr/bin/ld) supports shared libraries
configure:10189: result: yes
configure:10429: checking dynamic linker characteristics
configure:11247: result: darwin15.4.0 dyld
configure:11369: checking how to hardcode library paths into programs
configure:11394: result: immediate
configure:11942: checking whether stripping libraries is possible
configure:11956: result: yes
configure:11982: checking if libtool supports shared libraries
configure:11984: result: yes
configure:11987: checking whether to build shared libraries
configure:12012: result: yes
configure:12015: checking whether to build static libraries
configure:12019: result: yes
configure:12058: checking for gcc option to accept ISO C99
configure:12207: gcc  -c -g -O2  conftest.c >&5
configure:12207: $? = 0
configure:12220: result: none needed
configure:12242: checking for gcj
configure:12272: result: no
configure:12242: checking for guavac
configure:12272: result: no
configure:12242: checking for jikes
configure:12272: result: no
configure:12242: checking for javac
configure:12258: found /usr/bin/javac
configure:12269: result: javac
configure:12326: checking if javac works
configure:12340: javac  Test.java
configure:12343: $? = 0
configure:12354: result: yes
configure:12370: checking for javac
configure:12388: found /usr/bin/javac
configure:12401: result: /usr/bin/javac
configure:12416: checking symlink for /usr/bin/javac
configure:12424: result: /System/Library/Frameworks/JavaVM.framework/Versions/Current/Commands/javac
configure:12442: _JTOPDIR=/System/Library/Frameworks/JavaVM.framework/Versions/Current
configure:12443: _JINC=/System/Library/Frameworks/JavaVM.framework/Versions/Current/Headers
configure:12449: checking for /System/Library/Frameworks/JavaVM.framework/Versions/Current/Headers/jni.h
configure:12463: result: yes
configure:12537: checking for stdlib.h
configure:12537: result: yes
configure:12537: checking for string.h
configure:12537: result: yes
configure:12549: checking for size_t
configure:12549: gcc -c -g -O2 -I/System/Library/Frameworks/JavaVM.framework/Versions/Current/Headers  conftest.c >&5
configure:12549: $? = 0
configure:12549: gcc -c -g -O2 -I/System/Library/Frameworks/JavaVM.framework/Versions/Current/Headers  conftest.c >&5
conftest.c:61:21: error: expected expression
if (sizeof ((size_t)))
                    ^
1 error generated.
configure:12549: $? = 1
configure: failed program was:
| /* confdefs.h */
| #define PACKAGE_NAME "jpostal"
| #define PACKAGE_TARNAME "jpostal"
| #define PACKAGE_VERSION "0.3"
| #define PACKAGE_STRING "jpostal 0.3"
| #define PACKAGE_BUGREPORT ""
| #define PACKAGE_URL ""
| #define PACKAGE "jpostal"
| #define VERSION "0.3"
| #define STDC_HEADERS 1
| #define HAVE_SYS_TYPES_H 1
| #define HAVE_SYS_STAT_H 1
| #define HAVE_STDLIB_H 1
| #define HAVE_STRING_H 1
| #define HAVE_MEMORY_H 1
| #define HAVE_STRINGS_H 1
| #define HAVE_INTTYPES_H 1
| #define HAVE_STDINT_H 1
| #define HAVE_UNISTD_H 1
| #define HAVE_DLFCN_H 1
| #define LT_OBJDIR ".libs/"
| #define HAVE_STDLIB_H 1
| #define HAVE_STRING_H 1
| /* end confdefs.h.  */
| #include <stdio.h>
| #ifdef HAVE_SYS_TYPES_H
| # include <sys/types.h>
| #endif
| #ifdef HAVE_SYS_STAT_H
| # include <sys/stat.h>
| #endif
| #ifdef STDC_HEADERS
| # include <stdlib.h>
| # include <stddef.h>
| #else
| # ifdef HAVE_STDLIB_H
| #  include <stdlib.h>
| # endif
| #endif
| #ifdef HAVE_STRING_H
| # if !defined STDC_HEADERS && defined HAVE_MEMORY_H
| #  include <memory.h>
| # endif
| # include <string.h>
| #endif
| #ifdef HAVE_STRINGS_H
| # include <strings.h>
| #endif
| #ifdef HAVE_INTTYPES_H
| # include <inttypes.h>
| #endif
| #ifdef HAVE_STDINT_H
| # include <stdint.h>
| #endif
| #ifdef HAVE_UNISTD_H
| # include <unistd.h>
| #endif
| int
| main ()
| {
| if (sizeof ((size_t)))
| 	    return 0;
|   ;
|   return 0;
| }
configure:12549: result: yes
configure:12560: checking for uint16_t
configure:12560: gcc -c -g -O2 -I/System/Library/Frameworks/JavaVM.framework/Versions/Current/Headers  conftest.c >&5
configure:12560: $? = 0
configure:12560: result: yes
configure:12576: checking for stdlib.h
configure:12576: result: yes
configure:12586: checking for GNU libc compatible malloc
configure:12610: gcc -o conftest -g -O2 -I/System/Library/Frameworks/JavaVM.framework/Versions/Current/Headers   -shrext .jnilib conftest.c  >&5
clang: error: unknown argument: '-shrext'
clang: error: no such file or directory: '.jnilib'
configure:12610: $? = 1
configure: program exited with status 1
configure: failed program was:
| /* confdefs.h */
| #define PACKAGE_NAME "jpostal"
| #define PACKAGE_TARNAME "jpostal"
| #define PACKAGE_VERSION "0.3"
| #define PACKAGE_STRING "jpostal 0.3"
| #define PACKAGE_BUGREPORT ""
| #define PACKAGE_URL ""
| #define PACKAGE "jpostal"
| #define VERSION "0.3"
| #define STDC_HEADERS 1
| #define HAVE_SYS_TYPES_H 1
| #define HAVE_SYS_STAT_H 1
| #define HAVE_STDLIB_H 1
| #define HAVE_STRING_H 1
| #define HAVE_MEMORY_H 1
| #define HAVE_STRINGS_H 1
| #define HAVE_INTTYPES_H 1
| #define HAVE_STDINT_H 1
| #define HAVE_UNISTD_H 1
| #define HAVE_DLFCN_H 1
| #define LT_OBJDIR ".libs/"
| #define HAVE_STDLIB_H 1
| #define HAVE_STRING_H 1
| #define HAVE_STDLIB_H 1
| /* end confdefs.h.  */
| #if defined STDC_HEADERS || defined HAVE_STDLIB_H
| # include <stdlib.h>
| #else
| char *malloc ();
| #endif
| 
| int
| main ()
| {
| return ! malloc (0);
|   ;
|   return 0;
| }
configure:12620: result: no
configure:12643: checking for strdup
configure:12643: gcc -o conftest -g -O2 -I/System/Library/Frameworks/JavaVM.framework/Versions/Current/Headers   -shrext .jnilib conftest.c  >&5
clang: error: unknown argument: '-shrext'
clang: error: no such file or directory: '.jnilib'
configure:12643: $? = 1
configure: failed program was:
| /* confdefs.h */
| #define PACKAGE_NAME "jpostal"
| #define PACKAGE_TARNAME "jpostal"
| #define PACKAGE_VERSION "0.3"
| #define PACKAGE_STRING "jpostal 0.3"
| #define PACKAGE_BUGREPORT ""
| #define PACKAGE_URL ""
| #define PACKAGE "jpostal"
| #define VERSION "0.3"
| #define STDC_HEADERS 1
| #define HAVE_SYS_TYPES_H 1
| #define HAVE_SYS_STAT_H 1
| #define HAVE_STDLIB_H 1
| #define HAVE_STRING_H 1
| #define HAVE_MEMORY_H 1
| #define HAVE_STRINGS_H 1
| #define HAVE_INTTYPES_H 1
| #define HAVE_STDINT_H 1
| #define HAVE_UNISTD_H 1
| #define HAVE_DLFCN_H 1
| #define LT_OBJDIR ".libs/"
| #define HAVE_STDLIB_H 1
| #define HAVE_STRING_H 1
| #define HAVE_STDLIB_H 1
| #define HAVE_MALLOC 0
| #define malloc rpl_malloc
| /* end confdefs.h.  */
| /* Define strdup to an innocuous variant, in case <limits.h> declares strdup.
|    For example, HP-UX 11i <limits.h> declares gettimeofday.  */
| #define strdup innocuous_strdup
| 
| /* System header to define __stub macros and hopefully few prototypes,
|     which can conflict with char strdup (); below.
|     Prefer <limits.h> to <assert.h> if __STDC__ is defined, since
|     <limits.h> exists even on freestanding compilers.  */
| 
| #ifdef __STDC__
| # include <limits.h>
| #else
| # include <assert.h>
| #endif
| 
| #undef strdup
| 
| /* Override any GCC internal prototype to avoid an error.
|    Use char because int might match the return type of a GCC
|    builtin and then its argument prototype would still apply.  */
| #ifdef __cplusplus
| extern "C"
| #endif
| char strdup ();
| /* The GNU C library defines this for functions which it implements
|     to always fail with ENOSYS.  Some functions are actually named
|     something starting with __ and the normal name is an alias.  */
| #if defined __stub_strdup || defined __stub___strdup
| choke me
| #endif
| 
| int
| main ()
| {
| return strdup ();
|   ;
|   return 0;
| }
configure:12643: result: no
configure:12707: checking for pkg-config
configure:12725: found /usr/local/bin/pkg-config
configure:12737: result: /usr/local/bin/pkg-config
configure:12762: checking pkg-config is at least version 0.9.0
configure:12765: result: yes
configure:12775: checking for LIBPOSTAL
configure:12782: $PKG_CONFIG --exists --print-errors "libpostal"
configure:12785: $? = 0
configure:12799: $PKG_CONFIG --exists --print-errors "libpostal"
configure:12802: $? = 0
configure:12840: result: yes
configure:12957: checking that generated files are newer than configure
configure:12963: result: done
configure:12986: creating ./config.status

## ---------------------- ##
## Running config.status. ##
## ---------------------- ##

This file was extended by jpostal config.status 0.3, which was
generated by GNU Autoconf 2.69.  Invocation command line was

  CONFIG_FILES    = 
  CONFIG_HEADERS  = 
  CONFIG_LINKS    = 
  CONFIG_COMMANDS = 
  $ ./config.status 

on Dmitris-MacBook-Pro.local

config.status:1093: creating Makefile
config.status:1093: creating src/main/c/Makefile
config.status:1093: creating config.h
config.status:1322: executing depfiles commands
config.status:1322: executing libtool commands

## ---------------- ##
## Cache variables. ##
## ---------------- ##

ac_cv_build=x86_64-apple-darwin15.4.0
ac_cv_c_compiler_gnu=yes
ac_cv_c_uint16_t=yes
ac_cv_env_CC_set=
ac_cv_env_CC_value=
ac_cv_env_CFLAGS_set=
ac_cv_env_CFLAGS_value=
ac_cv_env_CPPFLAGS_set=
ac_cv_env_CPPFLAGS_value=
ac_cv_env_CPP_set=
ac_cv_env_CPP_value=
ac_cv_env_LDFLAGS_set=
ac_cv_env_LDFLAGS_value=
ac_cv_env_LIBPOSTAL_CFLAGS_set=
ac_cv_env_LIBPOSTAL_CFLAGS_value=
ac_cv_env_LIBPOSTAL_LIBS_set=
ac_cv_env_LIBPOSTAL_LIBS_value=
ac_cv_env_LIBS_set=
ac_cv_env_LIBS_value=
ac_cv_env_LT_SYS_LIBRARY_PATH_set=
ac_cv_env_LT_SYS_LIBRARY_PATH_value=
ac_cv_env_PKG_CONFIG_LIBDIR_set=
ac_cv_env_PKG_CONFIG_LIBDIR_value=
ac_cv_env_PKG_CONFIG_PATH_set=set
ac_cv_env_PKG_CONFIG_PATH_value=/Users/Dmitri/Documents/libpostal
ac_cv_env_PKG_CONFIG_set=
ac_cv_env_PKG_CONFIG_value=
ac_cv_env_build_alias_set=
ac_cv_env_build_alias_value=
ac_cv_env_host_alias_set=
ac_cv_env_host_alias_value=
ac_cv_env_target_alias_set=
ac_cv_env_target_alias_value=
ac_cv_file__System_Library_Frameworks_JavaVM_framework_Versions_Current_Headers_jni_h=yes
ac_cv_func_malloc_0_nonnull=no
ac_cv_func_strdup=no
ac_cv_header_dlfcn_h=yes
ac_cv_header_inttypes_h=yes
ac_cv_header_memory_h=yes
ac_cv_header_stdc=yes
ac_cv_header_stdint_h=yes
ac_cv_header_stdlib_h=yes
ac_cv_header_string_h=yes
ac_cv_header_strings_h=yes
ac_cv_header_sys_stat_h=yes
ac_cv_header_sys_types_h=yes
ac_cv_header_unistd_h=yes
ac_cv_host=x86_64-apple-darwin15.4.0
ac_cv_objext=o
ac_cv_path_EGREP='/usr/bin/grep -E'
ac_cv_path_FGREP='/usr/bin/grep -F'
ac_cv_path_GREP=/usr/bin/grep
ac_cv_path_SED=/usr/bin/sed
ac_cv_path__ACJNI_JAVAC=/usr/bin/javac
ac_cv_path_ac_pt_PKG_CONFIG=/usr/local/bin/pkg-config
ac_cv_path_install='/usr/bin/install -c'
ac_cv_path_lt_DD=/bin/dd
ac_cv_prog_AWK=awk
ac_cv_prog_CPP='gcc -E'
ac_cv_prog_JAVAC=javac
ac_cv_prog_ac_ct_AR=ar
ac_cv_prog_ac_ct_CC=gcc
ac_cv_prog_ac_ct_DSYMUTIL=dsymutil
ac_cv_prog_ac_ct_LIPO=lipo
ac_cv_prog_ac_ct_NMEDIT=nmedit
ac_cv_prog_ac_ct_OTOOL=otool
ac_cv_prog_ac_ct_RANLIB=ranlib
ac_cv_prog_ac_ct_STRIP=strip
ac_cv_prog_cc_c89=
ac_cv_prog_cc_c99=
ac_cv_prog_cc_g=yes
ac_cv_prog_javac_works=yes
ac_cv_prog_make_make_set=yes
ac_cv_type_size_t=yes
am_cv_CC_dependencies_compiler_type=gcc3
am_cv_make_support_nested_variables=yes
am_cv_prog_cc_c_o=yes
lt_cv_apple_cc_single_mod=yes
lt_cv_ar_at_file=no
lt_cv_deplibs_check_method=pass_all
lt_cv_file_magic_cmd='$MAGIC_CMD'
lt_cv_file_magic_test_file=
lt_cv_ld_exported_symbols_list=yes
lt_cv_ld_force_load=yes
lt_cv_ld_reload_flag=-r
lt_cv_nm_interface='BSD nm'
lt_cv_objdir=.libs
lt_cv_path_LD=/Library/Developer/CommandLineTools/usr/bin/ld
lt_cv_path_NM='/usr/bin/nm -B'
lt_cv_path_mainfest_tool=no
lt_cv_prog_compiler_c_o=yes
lt_cv_prog_compiler_pic='-fno-common -DPIC'
lt_cv_prog_compiler_pic_works=yes
lt_cv_prog_compiler_rtti_exceptions=yes
lt_cv_prog_compiler_static_works=no
lt_cv_prog_gnu_ld=no
lt_cv_sharedlib_from_linklib_cmd='printf %s\n'
lt_cv_sys_global_symbol_pipe='sed -n -e '\''s/^.*[	 ]\([BCDEGRST][BCDEGRST]*\)[	 ][	 ]*_\([_A-Za-z][_A-Za-z0-9]*\)$/\1 _\2 \2/p'\'' | sed '\''/ __gnu_lto/d'\'''
lt_cv_sys_global_symbol_to_c_name_address='sed -n -e '\''s/^: \(.*\) .*$/  {"\1", (void *) 0},/p'\'' -e '\''s/^[BCDEGRST][BCDEGRST]* .* \(.*\)$/  {"\1", (void *) \&\1},/p'\'''
lt_cv_sys_global_symbol_to_c_name_address_lib_prefix='sed -n -e '\''s/^: \(.*\) .*$/  {"\1", (void *) 0},/p'\'' -e '\''s/^[BCDEGRST][BCDEGRST]* .* \(lib.*\)$/  {"\1", (void *) \&\1},/p'\'' -e '\''s/^[BCDEGRST][BCDEGRST]* .* \(.*\)$/  {"lib\1", (void *) \&\1},/p'\'''
lt_cv_sys_global_symbol_to_cdecl='sed -n -e '\''s/^T .* \(.*\)$/extern int \1();/p'\'' -e '\''s/^[BCDEGRST][BCDEGRST]* .* \(.*\)$/extern char \1;/p'\'''
lt_cv_sys_global_symbol_to_import=
lt_cv_sys_max_cmd_len=196608
lt_cv_to_host_file_cmd=func_convert_file_noop
lt_cv_to_tool_file_cmd=func_convert_file_noop
lt_cv_truncate_bin='/bin/dd bs=4096 count=1'
pkg_cv_LIBPOSTAL_CFLAGS=-I/usr/local/include
pkg_cv_LIBPOSTAL_LIBS='-L/usr/local/lib -lpostal'

## ----------------- ##
## Output variables. ##
## ----------------- ##

ACLOCAL='${SHELL} /Users/Dmitri/Documents/jpostal/missing aclocal-1.15'
AMDEPBACKSLASH='\'
AMDEP_FALSE='#'
AMDEP_TRUE=''
AMTAR='$${TAR-tar}'
AM_BACKSLASH='\'
AM_DEFAULT_V='$(AM_DEFAULT_VERBOSITY)'
AM_DEFAULT_VERBOSITY='1'
AM_V='$(V)'
AR='ar'
AUTOCONF='${SHELL} /Users/Dmitri/Documents/jpostal/missing autoconf'
AUTOHEADER='${SHELL} /Users/Dmitri/Documents/jpostal/missing autoheader'
AUTOMAKE='${SHELL} /Users/Dmitri/Documents/jpostal/missing automake-1.15'
AWK='awk'
CC='gcc'
CCDEPMODE='depmode=gcc3'
CFLAGS='-g -O2 -I/System/Library/Frameworks/JavaVM.framework/Versions/Current/Headers'
CPP='gcc -E'
CPPFLAGS=''
CYGPATH_W='echo'
DEFS='-DHAVE_CONFIG_H'
DEPDIR='.deps'
DLLTOOL='false'
DSYMUTIL='dsymutil'
DUMPBIN=''
ECHO_C='\c'
ECHO_N=''
ECHO_T=''
EGREP='/usr/bin/grep -E'
EXEEXT=''
FGREP='/usr/bin/grep -F'
GREP='/usr/bin/grep'
INSTALL_DATA='${INSTALL} -m 644'
INSTALL_PROGRAM='${INSTALL}'
INSTALL_SCRIPT='${INSTALL}'
INSTALL_STRIP_PROGRAM='$(install_sh) -c -s'
JAVAC='javac'
LD='/Library/Developer/CommandLineTools/usr/bin/ld'
LDFLAGS=' -shrext .jnilib'
LIBOBJS=' ${LIBOBJDIR}malloc$U.o'
LIBPOSTAL_CFLAGS='-I/usr/local/include'
LIBPOSTAL_LIBS='-L/usr/local/lib -lpostal'
LIBS=''
LIBTOOL='$(SHELL) $(top_builddir)/libtool'
LIPO='lipo'
LN_S='ln -s'
LTLIBOBJS=' ${LIBOBJDIR}malloc$U.lo'
LT_SYS_LIBRARY_PATH=''
MAKEINFO='${SHELL} /Users/Dmitri/Documents/jpostal/missing makeinfo'
MANIFEST_TOOL=':'
MKDIR_P='./install-sh -c -d'
NM='/usr/bin/nm -B'
NMEDIT='nmedit'
OBJDUMP='false'
OBJEXT='o'
OTOOL64=':'
OTOOL='otool'
PACKAGE='jpostal'
PACKAGE_BUGREPORT=''
PACKAGE_NAME='jpostal'
PACKAGE_STRING='jpostal 0.3'
PACKAGE_TARNAME='jpostal'
PACKAGE_URL=''
PACKAGE_VERSION='0.3'
PATH_SEPARATOR=':'
PKG_CONFIG='/usr/local/bin/pkg-config'
PKG_CONFIG_LIBDIR=''
PKG_CONFIG_PATH='/Users/Dmitri/Documents/libpostal'
RANLIB='ranlib'
SED='/usr/bin/sed'
SET_MAKE=''
SHELL='/bin/sh'
STRIP='strip'
VERSION='0.3'
_ACJNI_JAVAC='/usr/bin/javac'
ac_ct_AR='ar'
ac_ct_CC='gcc'
ac_ct_DUMPBIN=''
am__EXEEXT_FALSE=''
am__EXEEXT_TRUE='#'
am__fastdepCC_FALSE='#'
am__fastdepCC_TRUE=''
am__include='include'
am__isrc=''
am__leading_dot='.'
am__nodep='_no'
am__quote=''
am__tar='$${TAR-tar} chof - "$$tardir"'
am__untar='$${TAR-tar} xf -'
bindir='${exec_prefix}/bin'
build='x86_64-apple-darwin15.4.0'
build_alias=''
build_cpu='x86_64'
build_os='darwin15.4.0'
build_vendor='apple'
datadir='${datarootdir}'
datarootdir='${prefix}/share'
docdir='${datarootdir}/doc/${PACKAGE_TARNAME}'
dvidir='${docdir}'
exec_prefix='${prefix}'
host='x86_64-apple-darwin15.4.0'
host_alias=''
host_cpu='x86_64'
host_os='darwin15.4.0'
host_vendor='apple'
htmldir='${docdir}'
includedir='${prefix}/include'
infodir='${datarootdir}/info'
install_sh='${SHELL} /Users/Dmitri/Documents/jpostal/install-sh'
libdir='/Users/Dmitri/Documents/jpostal/src/main/jniLibs'
libexecdir='${exec_prefix}/libexec'
localedir='${datarootdir}/locale'
localstatedir='${prefix}/var'
mandir='${datarootdir}/man'
mkdir_p='$(MKDIR_P)'
oldincludedir='/usr/include'
pdfdir='${docdir}'
prefix='/usr/local'
program_transform_name='s,x,x,'
psdir='${docdir}'
sbindir='${exec_prefix}/sbin'
sharedstatedir='${prefix}/com'
sysconfdir='${prefix}/etc'
target_alias=''

## ----------- ##
## confdefs.h. ##
## ----------- ##

/* confdefs.h */
#define PACKAGE_NAME "jpostal"
#define PACKAGE_TARNAME "jpostal"
#define PACKAGE_VERSION "0.3"
#define PACKAGE_STRING "jpostal 0.3"
#define PACKAGE_BUGREPORT ""
#define PACKAGE_URL ""
#define PACKAGE "jpostal"
#define VERSION "0.3"
#define STDC_HEADERS 1
#define HAVE_SYS_TYPES_H 1
#define HAVE_SYS_STAT_H 1
#define HAVE_STDLIB_H 1
#define HAVE_STRING_H 1
#define HAVE_MEMORY_H 1
#define HAVE_STRINGS_H 1
#define HAVE_INTTYPES_H 1
#define HAVE_STDINT_H 1
#define HAVE_UNISTD_H 1
#define HAVE_DLFCN_H 1
#define LT_OBJDIR ".libs/"
#define HAVE_STDLIB_H 1
#define HAVE_STRING_H 1
#define HAVE_STDLIB_H 1
#define HAVE_MALLOC 0
#define malloc rpl_malloc

configure: exit 0
